   1               		.file	"main.c"
   2               		.arch atmega162
   3               	__SREG__ = 0x3f
   4               	__SP_H__ = 0x3e
   5               	__SP_L__ = 0x3d
   6               	__tmp_reg__ = 0
   7               	__zero_reg__ = 1
   8               		.global __do_copy_data
   9               		.global __do_clear_bss
  17               	.Ltext0:
  18               	.global	main
  20               	main:
  21               	.LFB3:
  22               	.LM1:
  23               	/* prologue: frame size=0 */
  24               	/* prologue end (size=0) */
  25               	.LM2:
  26 0000 80E8      		ldi r24,lo8(-128)
  27 0002 8093 6100 		sts 97,r24
  28               	.LM3:
  29 0006 81E0      		ldi r24,lo8(1)
  30 0008 8093 6100 		sts 97,r24
  31               	.LM4:
  32 000c 83E0      		ldi r24,lo8(3)
  33 000e 88BB      		out 56-0x20,r24
  34               	.LM5:
  35 0010 87EE      		ldi r24,lo8(-25)
  36 0012 82BB      		out 50-0x20,r24
  37               	.LM6:
  38 0014 8CE1      		ldi r24,lo8(28)
  39 0016 81BB      		out 49-0x20,r24
  40               	.LM7:
  41 0018 82EF      		ldi r24,lo8(-14)
  42 001a 87BB      		out 55-0x20,r24
  43               	.LM8:
  44 001c 0E94 0000 		call lcd_init
  45               	.LM9:
  46 0020 80E0      		ldi r24,lo8(__c.1572)
  47 0022 90E0      		ldi r25,hi8(__c.1572)
  48 0024 0E94 0000 		call lcd_str_P
  49               	.LM10:
  50 0028 80EC      		ldi r24,lo8(-64)
  51 002a 0E94 0000 		call lcd_command
  52               	.LM11:
  53 002e 0E94 0000 		call i2c_start
  54               	.LM12:
  55 0032 80E9      		ldi r24,lo8(-112)
  56 0034 0E94 0000 		call i2c_send
  57               	.LM13:
  58 0038 80E0      		ldi r24,lo8(0)
  59 003a 0E94 0000 		call i2c_send
  60               	.L4:
  61               	.LM14:
  62 003e 0E94 0000 		call i2c_stop
  63               	.LM15:
  64 0042 80EC      		ldi r24,lo8(-64)
  65 0044 0E94 0000 		call lcd_command
  66               	.LM16:
  67 0048 0E94 0000 		call i2c_start
  68               	.LM17:
  69 004c 81E9      		ldi r24,lo8(-111)
  70 004e 0E94 0000 		call i2c_send
  71               	.LM18:
  72 0052 80E0      		ldi r24,lo8(0)
  73 0054 0E94 0000 		call i2c_get
  74 0058 9927      		clr r25
  75 005a 0E94 0000 		call lcd_dec
  76               	.LM19:
  77 005e 80E0      		ldi r24,lo8(__c.1574)
  78 0060 90E0      		ldi r25,hi8(__c.1574)
  79 0062 0E94 0000 		call lcd_str_P
  80 0066 00C0      		rjmp .L4
  81               	/* epilogue: frame size=0 */
  82               	/* epilogue: noreturn */
  83               	/* epilogue end (size=0) */
  84               	/* function main size 52 (52) */
  85               	.LFE3:
  87               		.section	.progmem.data,"a",@progbits
  90               	__c.1574:
  91 0000 2020 00   		.string	"  "
  94               	__c.1572:
  95 0003 4461 6E65 		.string	"Dane z I0:"
  95      207A 2049 
  95      303A 00
 120               	.Letext0:
DEFINED SYMBOLS
                            *ABS*:00000000 main.c
D:\DOCUME~1\ADMINI~1\USTAWI~1\Temp/ccBn6Hd6.s:3      *ABS*:0000003f __SREG__
D:\DOCUME~1\ADMINI~1\USTAWI~1\Temp/ccBn6Hd6.s:4      *ABS*:0000003e __SP_H__
D:\DOCUME~1\ADMINI~1\USTAWI~1\Temp/ccBn6Hd6.s:5      *ABS*:0000003d __SP_L__
D:\DOCUME~1\ADMINI~1\USTAWI~1\Temp/ccBn6Hd6.s:6      *ABS*:00000000 __tmp_reg__
D:\DOCUME~1\ADMINI~1\USTAWI~1\Temp/ccBn6Hd6.s:7      *ABS*:00000001 __zero_reg__
D:\DOCUME~1\ADMINI~1\USTAWI~1\Temp/ccBn6Hd6.s:20     .text:00000000 main
D:\DOCUME~1\ADMINI~1\USTAWI~1\Temp/ccBn6Hd6.s:94     .progmem.data:00000003 __c.1572
D:\DOCUME~1\ADMINI~1\USTAWI~1\Temp/ccBn6Hd6.s:90     .progmem.data:00000000 __c.1574

UNDEFINED SYMBOLS
__do_copy_data
__do_clear_bss
lcd_init
lcd_str_P
lcd_command
i2c_start
i2c_send
i2c_stop
i2c_get
lcd_dec
