   1               		.file	"main.c"
   2               	__SREG__ = 0x3f
   3               	__SP_H__ = 0x3e
   4               	__SP_L__ = 0x3d
   5               	__CCP__  = 0x34
   6               	__tmp_reg__ = 0
   7               	__zero_reg__ = 1
  15               	.Ltext0:
  16               		.data
  17               	.LC0:
  18 0000 416B 6365 		.string	"Akcelerometr LIS35\r\n"
  18      6C65 726F 
  18      6D65 7472 
  18      204C 4953 
  18      3335 0D0A 
  19               	.LC1:
  20 0015 4C49 5333 		.string	"LIS35 inicjalisation is fail\r"
  20      3520 696E 
  20      6963 6A61 
  20      6C69 7361 
  20      7469 6F6E 
  21               	.LC2:
  22 0033 583D 2564 		.string	"X=%d\r\nY=%d\r\nZ=%d\r\n"
  22      0D0A 593D 
  22      2564 0D0A 
  22      5A3D 2564 
  22      0D0A 00
  23               		.text
  24               	.global	main
  26               	main:
  27               	.LFB7:
  28               	.LM1:
  29 0000 2F92      		push r2
  30 0002 3F92      		push r3
  31 0004 4F92      		push r4
  32 0006 5F92      		push r5
  33 0008 6F92      		push r6
  34 000a 7F92      		push r7
  35 000c 8F92      		push r8
  36 000e 9F92      		push r9
  37 0010 AF92      		push r10
  38 0012 BF92      		push r11
  39 0014 CF92      		push r12
  40 0016 DF92      		push r13
  41 0018 EF92      		push r14
  42 001a FF92      		push r15
  43 001c 0F93      		push r16
  44 001e 1F93      		push r17
  45 0020 DF93      		push r29
  46 0022 CF93      		push r28
  47 0024 00D0      		rcall .
  48 0026 0F92      		push __tmp_reg__
  49 0028 CDB7      		in r28,__SP_L__
  50 002a DEB7      		in r29,__SP_H__
  51               	/* prologue: function */
  52               	/* frame size = 3 */
  53               	.LM2:
  54 002c 10BC      		out 64-32,__zero_reg__
  55 002e 87E6      		ldi r24,lo8(103)
  56 0030 89B9      		out 41-32,r24
  57               	.LM3:
  58 0032 86E8      		ldi r24,lo8(-122)
  59 0034 80BD      		out 64-32,r24
  60               	.LM4:
  61 0036 88E1      		ldi r24,lo8(24)
  62 0038 8AB9      		out 42-32,r24
  63               	.LM5:
  64 003a 1BB8      		out 43-32,__zero_reg__
  65               	.LM6:
  66 003c 0E94 0000 		call InitializeLIS35
  67               	.LM7:
  68 0040 80E0      		ldi r24,lo8(gs(rs_put))
  69 0042 90E0      		ldi r25,hi8(gs(rs_put))
  70 0044 60E0      		ldi r22,lo8(gs(rs_get))
  71 0046 70E0      		ldi r23,hi8(gs(rs_get))
  72 0048 0E94 0000 		call fdevopen
  73               	.LM8:
  74 004c 80E0      		ldi r24,lo8(.LC0)
  75 004e 90E0      		ldi r25,hi8(.LC0)
  76 0050 0E94 0000 		call puts
  77               	.LM9:
  78 0054 0E94 0000 		call InitializeLIS35
  79 0058 8823      		tst r24
  80 005a 01F0      		breq .L2
  81               	.LBB18:
  82               	.LBB19:
  83               	.LBB20:
  84               	.LBB21:
  85               	.LM10:
  86 005c 00E9      		ldi r16,lo8(400)
  87 005e 11E0      		ldi r17,hi8(400)
  88               	.LVL0:
  89               	.L9:
  90               	.LBE21:
  91               	.LBE20:
  92               	.LBE19:
  93               	.LBE18:
  94               	.LM11:
  95 0060 80E0      		ldi r24,lo8(.LC1)
  96 0062 90E0      		ldi r25,hi8(.LC1)
  97               	.LVL1:
  98 0064 0E94 0000 		call puts
  99               	.LVL2:
 100 0068 84EC      		ldi r24,lo8(2500)
 101 006a 99E0      		ldi r25,hi8(2500)
 102               	.LVL3:
 103               	.L3:
 104               	.LBB25:
 105               	.LBB24:
 106               	.LBB23:
 107               	.LBB22:
 108               	.LM12:
 109 006c F801      		movw r30,r16
 110               	.LVL4:
 111               	/* #APP */
 112               	 ;  105 "c:/winavr-20100110/lib/gcc/../../avr/include/util/delay_basic.h" 1
 113 006e 3197      		1: sbiw r30,1
 114 0070 01F4      		brne 1b
 115               	 ;  0 "" 2
 116               	/* #NOAPP */
 117               	.LBE22:
 118               	.LBE23:
 119               	.LM13:
 120 0072 0197      		sbiw r24,1
 121               	.LM14:
 122 0074 01F4      		brne .L3
 123 0076 00C0      		rjmp .L9
 124               	.LVL5:
 125               	.L2:
 126               	.LBE24:
 127               	.LBE25:
 128               	.LM15:
 129 0078 22E0      		ldi r18,lo8(2)
 130 007a 222E      		mov r2,r18
 131 007c 312C      		mov r3,__zero_reg__
 132 007e 2C0E      		add r2,r28
 133 0080 3D1E      		adc r3,r29
 134 0082 93E0      		ldi r25,lo8(3)
 135 0084 492E      		mov r4,r25
 136 0086 512C      		mov r5,__zero_reg__
 137 0088 4C0E      		add r4,r28
 138 008a 5D1E      		adc r5,r29
 139 008c 3E01      		movw r6,r28
 140 008e 0894      		sec
 141 0090 611C      		adc r6,__zero_reg__
 142 0092 711C      		adc r7,__zero_reg__
 143               	.LM16:
 144 0094 80E0      		ldi r24,lo8(.LC2)
 145 0096 882E      		mov r8,r24
 146 0098 80E0      		ldi r24,hi8(.LC2)
 147 009a 982E      		mov r9,r24
 148 009c AA24      		clr r10
 149 009e BB24      		clr r11
 150               	.LVL6:
 151 00a0 CC24      		clr r12
 152 00a2 DD24      		clr r13
 153               	.LVL7:
 154 00a4 EE24      		clr r14
 155 00a6 FF24      		clr r15
 156               	.LVL8:
 157               	.LBB26:
 158               	.LBB27:
 159               	.LBB28:
 160               	.LBB29:
 161               	.LM17:
 162 00a8 00E9      		ldi r16,lo8(400)
 163 00aa 11E0      		ldi r17,hi8(400)
 164               	.LVL9:
 165               	.L10:
 166               	.LBE29:
 167               	.LBE28:
 168               	.LBE27:
 169               	.LBE26:
 170               	.LM18:
 171 00ac C301      		movw r24,r6
 172               	.LVL10:
 173 00ae B101      		movw r22,r2
 174 00b0 A201      		movw r20,r4
 175 00b2 0E94 0000 		call LIS35_GetPosition
 176               	.LVL11:
 177               	.LM19:
 178 00b6 2DB7      		in r18,__SP_L__
 179 00b8 3EB7      		in r19,__SP_H__
 180 00ba 2850      		subi r18,lo8(-(-8))
 181 00bc 3040      		sbci r19,hi8(-(-8))
 182 00be 0FB6      		in __tmp_reg__,__SREG__
 183 00c0 F894      		cli
 184 00c2 3EBF      		out __SP_H__,r19
 185 00c4 0FBE      		out __SREG__,__tmp_reg__
 186 00c6 2DBF      		out __SP_L__,r18
 187 00c8 EDB7      		in r30,__SP_L__
 188 00ca FEB7      		in r31,__SP_H__
 189 00cc 3196      		adiw r30,1
 190 00ce ADB7      		in r26,__SP_L__
 191 00d0 BEB7      		in r27,__SP_H__
 192 00d2 1296      		adiw r26,1+1
 193 00d4 9C92      		st X,r9
 194 00d6 8E92      		st -X,r8
 195 00d8 1197      		sbiw r26,1
 196 00da B382      		std Z+3,r11
 197 00dc A282      		std Z+2,r10
 198 00de D582      		std Z+5,r13
 199 00e0 C482      		std Z+4,r12
 200 00e2 F782      		std Z+7,r15
 201 00e4 E682      		std Z+6,r14
 202 00e6 0E94 0000 		call printf
 203 00ea 88E8      		ldi r24,lo8(5000)
 204 00ec 93E1      		ldi r25,hi8(5000)
 205               	.LVL12:
 206 00ee 2DB7      		in r18,__SP_L__
 207 00f0 3EB7      		in r19,__SP_H__
 208 00f2 285F      		subi r18,lo8(-(8))
 209 00f4 3F4F      		sbci r19,hi8(-(8))
 210 00f6 0FB6      		in __tmp_reg__,__SREG__
 211 00f8 F894      		cli
 212 00fa 3EBF      		out __SP_H__,r19
 213 00fc 0FBE      		out __SREG__,__tmp_reg__
 214 00fe 2DBF      		out __SP_L__,r18
 215               	.L5:
 216               	.LBB33:
 217               	.LBB32:
 218               	.LBB31:
 219               	.LBB30:
 220               	.LM20:
 221 0100 F801      		movw r30,r16
 222               	.LVL13:
 223               	/* #APP */
 224               	 ;  105 "c:/winavr-20100110/lib/gcc/../../avr/include/util/delay_basic.h" 1
 225 0102 3197      		1: sbiw r30,1
 226 0104 01F4      		brne 1b
 227               	 ;  0 "" 2
 228               	/* #NOAPP */
 229               	.LBE30:
 230               	.LBE31:
 231               	.LM21:
 232 0106 0197      		sbiw r24,1
 233               	.LM22:
 234 0108 01F4      		brne .L5
 235 010a 00C0      		rjmp .L10
 236               	.LBE32:
 237               	.LBE33:
 238               	.LFE7:
 264               	.Letext0:
DEFINED SYMBOLS
                            *ABS*:00000000 main.c
C:\Users\O\AppData\Local\Temp/ccYeWSse.s:2      *ABS*:0000003f __SREG__
C:\Users\O\AppData\Local\Temp/ccYeWSse.s:3      *ABS*:0000003e __SP_H__
C:\Users\O\AppData\Local\Temp/ccYeWSse.s:4      *ABS*:0000003d __SP_L__
C:\Users\O\AppData\Local\Temp/ccYeWSse.s:5      *ABS*:00000034 __CCP__
C:\Users\O\AppData\Local\Temp/ccYeWSse.s:6      *ABS*:00000000 __tmp_reg__
C:\Users\O\AppData\Local\Temp/ccYeWSse.s:7      *ABS*:00000001 __zero_reg__
C:\Users\O\AppData\Local\Temp/ccYeWSse.s:26     .text:00000000 main

UNDEFINED SYMBOLS
InitializeLIS35
rs_put
rs_get
fdevopen
puts
LIS35_GetPosition
printf
__do_copy_data
