   1               		.file	"rs.c"
   2               	__SREG__ = 0x3f
   3               	__SP_H__ = 0x3e
   4               	__SP_L__ = 0x3d
   5               	__CCP__  = 0x34
   6               	__tmp_reg__ = 0
   7               	__zero_reg__ = 1
  15               	.Ltext0:
  16               	.global	rs_put
  18               	rs_put:
  19               	.LFB2:
  20               	.LM1:
  21               	/* prologue: function */
  22               	/* frame size = 0 */
  23               	.LVL0:
  24               	.L2:
  25               	.LM2:
  26 0000 5D9B      		sbis 43-32,5
  27 0002 00C0      		rjmp .L2
  28               	.LM3:
  29 0004 8CB9      		out 44-32,r24
  30               	.LM4:
  31 0006 80E0      		ldi r24,lo8(0)
  32 0008 90E0      		ldi r25,hi8(0)
  33               	.LVL1:
  34               	/* epilogue start */
  35 000a 0895      		ret
  36               	.LFE2:
  38               	.global	rs_get
  40               	rs_get:
  41               	.LFB3:
  42               	.LM5:
  43               	/* prologue: function */
  44               	/* frame size = 0 */
  45               	.L6:
  46               	.LM6:
  47 000c 5F9B      		sbis 43-32,7
  48 000e 00C0      		rjmp .L6
  49               	.LM7:
  50 0010 8CB1      		in r24,44-32
  51               	.LVL2:
  52               	.LM8:
  53 0012 90E0      		ldi r25,lo8(0)
  54               	.LVL3:
  55               	/* epilogue start */
  56 0014 0895      		ret
  57               	.LFE3:
  91               	.Letext0:
DEFINED SYMBOLS
                            *ABS*:00000000 rs.c
C:\Users\O\AppData\Local\Temp/ccntrYBl.s:2      *ABS*:0000003f __SREG__
C:\Users\O\AppData\Local\Temp/ccntrYBl.s:3      *ABS*:0000003e __SP_H__
C:\Users\O\AppData\Local\Temp/ccntrYBl.s:4      *ABS*:0000003d __SP_L__
C:\Users\O\AppData\Local\Temp/ccntrYBl.s:5      *ABS*:00000034 __CCP__
C:\Users\O\AppData\Local\Temp/ccntrYBl.s:6      *ABS*:00000000 __tmp_reg__
C:\Users\O\AppData\Local\Temp/ccntrYBl.s:7      *ABS*:00000001 __zero_reg__
C:\Users\O\AppData\Local\Temp/ccntrYBl.s:18     .text:00000000 rs_put
C:\Users\O\AppData\Local\Temp/ccntrYBl.s:40     .text:0000000c rs_get

NO UNDEFINED SYMBOLS
