Report       : noname2
Date         : 07-31-2011
Time         : 18:11:31

Compiler     : BASCOM-AVR LIBRARY V 2.0.5.0,  DEMO Edition
Processor    : M162
SRAM         : 400 hex
EEPROM       : 200 hex
ROMSIZE      : 4000 hex

ROMIMAGE     : 104 hex  -> Will fit into ROM
ROMIMAGE     :  260 dec
FLASH USED   :  1  %
BAUD         : 9600 Baud
XTAL         : 4000000 Hz
BAUD error   : 0.16%

Stack start  : 4FF hex
Stack size   : 28 hex
S-Stacksize  : 10 hex
S-Stackstart : 4D8 hex
Framesize    : 20 hex
Framestart   : 4A8 hex
Space left   :  935  dec

LCD DB7      : PORTB.7
LCD DB6      : PORTB.6
LCD DB5      : PORTB.5
LCD DB4      : PORTB.4
LCD E        : PORTB.3
LCD RS       : PORTB.2
LCD mode     :  4  bit

--------------------------------------------------------------------------------
Variable                         Type            Address(hex)   Address(dec)
--------------------------------------------------------------------------------
TCNT3                            Word              0088          136 
OCR3A                            Word              0086          134 
OCR3B                            Word              0084          132 
ICR3                             Word              0080          128 
SP                               Word              005D          93 
TCNT1                            Word              004C          76 
OCR1A                            Word              004A          74 
OCR1B                            Word              0048          72 
ICR1                             Word              0044          68 
EEAR                             Word              003E          62 
TIMER3                           Word              0088          136 
COMPARE3A                        Word              0086          134 
COMPARE3B                        Word              0084          132 
CAPTURE3                         Word              0080          128 
TIMER1                           Word              004C          76 
COMPARE1A                        Word              004A          74 
COMPARE1B                        Word              0048          72 
CAPTURE1                         Word              0044          68 
HWSTACK                          Word              005D          93 
SWSTACK                          Word              001C          28 
FRAME                            Word              0004          4 
COUNTER1                         Word              004C          76 
TIMER1                           Word              004C          76 
CAPTURE1                         Word              0044          68 
CAPTURE3                         Word              0080          128 
COMPARE1A                        Word              004A          74 
PWM1A                            Word              004A          74 
COMPARE1                         Word              004A          74 
PWM1B                            Word              0048          72 
COMPARE1B                        Word              0048          72 
COUNTER3                         Word              0088          136 
TIMER3                           Word              0088          136 
COMPARE3A                        Word              0086          134 
PWM3A                            Word              0086          134 
COMPARE3                         Word              0086          134 
PWM3B                            Word              0084          132 
COMPARE3B                        Word              0084          132 
PWM0                             Byte              0051          81 
ERR                              Bit               0006          6 

--------------------------------------------------------------------------------
Constant                         Value
--------------------------------------------------------------------------------
TCCR3A                           &H8B
TCCR3B                           &H8A
TCNT3H                           &H89
TCNT3L                           &H88
OCR3AH                           &H87
OCR3AL                           &H86
OCR3BH                           &H85
OCR3BL                           &H84
ICR3H                            &H81
ICR3L                            &H80
ETIMSK                           &H7D
ETIFR                            &H7C
PCMSK1                           &H6C
PCMSK0                           &H6B
CLKPR                            &H61
SREG                             &H3F
SPH                              &H3E
SPL                              &H3D
UCSR1C                           &H3C
USR1                             &H3C
UBRR1H                           &H3C
EIMSK                            &H3B
GIMSK                            &H3B
GICR                             &H3B
GIFR                             &H3A
TIMSK                            &H39
TIFR                             &H38
SPMCR                            &H37
SPMCSR                           &H37
EMCUCR                           &H36
MCUCR                            &H35
MCUSR                            &H34
MCUCSR                           &H34
TCCR0                            &H33
TCNT0                            &H32
COUNTER0                         &H32
TIMER0                           &H32
OCR0                             &H31
PWM0                             &H31
COMPARE0                         &H31
SFIOR                            &H30
TCCR1A                           &H2F
TCCR1B                           &H2E
TCNT1H                           &H2D
TCNT1L                           &H2C
OCR1AH                           &H2B
OCR1AL                           &H2A
OCR1BH                           &H29
OCR1BL                           &H28
TCCR2                            &H27
ASSR                             &H26
ICR1H                            &H25
ICR1L                            &H24
TCNT2                            &H23
TIMER2                           &H23
COUNTER2                         &H23
OCR2                             &H22
PWM2                             &H22
COMPARE2                         &H22
WDTCR                            &H21
UBRRHI                           &H20
UCSR0C                           &H20
UCSRC                            &H20
UBRR0H                           &H20
EEARH                            &H1F
EEARL                            &H1E
EEDR                             &H1D
EECR                             &H1C
PORTA                            &H1B
DDRA                             &H1A
PINA                             &H19
PORTB                            &H18
DDRB                             &H17
PINB                             &H16
PORTC                            &H15
DDRC                             &H14
PINC                             &H13
PORTD                            &H12
DDRD                             &H11
PIND                             &H10
SPDR                             &H0F
SPSR                             &H0E
SPCR                             &H0D
UDR0                             &H0C
UDR                              &H0C
UCSR0A                           &H0B
USR                              &H0B
UCSR0B                           &H0A
UCR                              &H0A
UBRR0                            &H09
UBRR0L                           &H09
UBRR                             &H09
ACSR                             &H08
PORTE                            &H07
DDRE                             &H06
PINE                             &H05
OSCCAL                           &H04
UDR1                             &H03
UCSR1A                           &H02
UCSR1B                           &H01
UBRR1                            &H00
UBRR1L                           &H00
COM3A1                           7
COM3A0                           6
COM3B1                           5
COM3B0                           4
FOC3A                            3
FOC3B                            2
WGM31                            1
WGM30                            0
ICNC3                            7
ICES3                            6
WGM33                            4
WGM32                            3
CS32                             2
CS31                             1
CS30                             0
TICIE3                           5
OCIE3A                           4
OCIE3B                           3
TOIE3                            2
ICF3                             5
OCF3A                            4
OCF3B                            3
TOV3                             2
PCINT15                          7
PCINT14                          6
PCINT13                          5
PCINT12                          4
PCINT11                          3
PCINT10                          2
PCINT9                           1
PCINT8                           0
PCINT7                           7
PCINT6                           6
PCINT5                           5
PCINT4                           4
PCINT3                           3
PCINT2                           2
PCINT1                           1
PCINT0                           0
CLKPCE                           7
CLKPS3                           3
CLKPS2                           2
CLKPS1                           1
CLKPS0                           0
INT1                             7
INT0                             6
INT2                             5
PCIE1                            4
PCIE0                            3
IVSEL                            1
IVCE                             0
INTF1                            7
INTF0                            6
INTF2                            5
PCIF1                            4
PCIF0                            3
TOIE1                            7
OCIE1A                           6
OCIE1B                           5
OCIE2                            4
TICIE1                           3
TOIE2                            2
TOIE0                            1
OCIE0                            0
TOV1                             7
OCF1A                            6
OCF1B                            5
OCF2                             4
ICF1                             3
TOV2                             2
TOV0                             1
OCF0                             0
SPMIE                            7
RWWSB                            6
ASB                              6
RWWSRE                           4
ASRE                             4
BLBSET                           3
PGWRT                            2
PGERS                            1
SPMEN                            0
SELFPRGEN                        0
SM0                              7
SRL2                             6
SRL1                             5
SRL0                             4
SRW01                            3
SRW00                            2
SRW11                            1
ISC2                             0
SRE                              7
SRW                              6
SRW10                            6
SE                               5
SM                               4
SM1                              4
ISC11                            3
ISC10                            2
ISC01                            1
ISC00                            0
JTD                              7
SM2                              5
JTRF                             4
WDRF                             3
BORF                             2
EXTRF                            1
PORF                             0
FOC0                             7
WGM00                            6
PWM0                             6
COM01                            5
COM00                            4
WGM01                            3
CTC0                             3
CS02                             2
CS01                             1
CS00                             0
TSM                              7
XMBK                             6
XMM2                             5
XMM1                             4
XMM0                             3
PUD                              2
PSR2                             1
PSR10                            0
PSR1                             0
PSR0                             0
COM1A1                           7
COM1A0                           6
COM1B1                           5
COM1B0                           4
FOC1A                            3
FOC1B                            2
PWM11                            1
WGM11                            1
PWM10                            0
WGM10                            0
ICNC1                            7
ICES1                            6
CTC11                            4
WGM13                            4
CTC10                            3
WGM12                            3
CTC1                             3
CS12                             2
CS11                             1
CS10                             0
FOC2                             7
WGM20                            6
PWM2                             6
COM21                            5
COM20                            4
WGM21                            3
CTC2                             3
CS22                             2
CS21                             1
CS20                             0
AS2                              3
TCN2UB                           2
OCR2UB                           1
TCR2UB                           0
WDTOE                            4
WDCE                             4
WDE                              3
WDP2                             2
WDP1                             1
WDP0                             0
EERIE                            3
EEMWE                            2
EEWE                             1
EERE                             0
EEPE                             1
PORTA7                           7
PORTA6                           6
PORTA5                           5
PORTA4                           4
PORTA3                           3
PORTA2                           2
PORTA1                           1
PORTA0                           0
DDA7                             7
DDA6                             6
DDA5                             5
DDA4                             4
DDA3                             3
DDA2                             2
DDA1                             1
DDA0                             0
PINA7                            7
PINA6                            6
PINA5                            5
PINA4                            4
PINA3                            3
PINA2                            2
PINA1                            1
PINA0                            0
PORTB7                           7
PORTB6                           6
PORTB5                           5
PORTB4                           4
PORTB3                           3
PORTB2                           2
PORTB1                           1
PORTB0                           0
DDB7                             7
DDB6                             6
DDB5                             5
DDB4                             4
DDB3                             3
DDB2                             2
DDB1                             1
DDB0                             0
PINB7                            7
PINB6                            6
PINB5                            5
PINB4                            4
PINB3                            3
PINB2                            2
PINB1                            1
PINB0                            0
PORTC7                           7
PORTC6                           6
PORTC5                           5
PORTC4                           4
PORTC3                           3
PORTC2                           2
PORTC1                           1
PORTC0                           0
DDC7                             7
DDC6                             6
DDC5                             5
DDC4                             4
DDC3                             3
DDC2                             2
DDC1                             1
DDC0                             0
PINC7                            7
PINC6                            6
PINC5                            5
PINC4                            4
PINC3                            3
PINC2                            2
PINC1                            1
PINC0                            0
PORTD7                           7
PORTD6                           6
PORTD5                           5
PORTD4                           4
PORTD3                           3
PORTD2                           2
PORTD1                           1
PORTD0                           0
DDD7                             7
DDD6                             6
DDD5                             5
DDD4                             4
DDD3                             3
DDD2                             2
DDD1                             1
DDD0                             0
PIND7                            7
PIND6                            6
PIND5                            5
PIND4                            4
PIND3                            3
PIND2                            2
PIND1                            1
PIND0                            0
PORTE2                           2
PORTE1                           1
PORTE0                           0
DDE2                             2
DDE1                             1
DDE0                             0
PINE2                            2
PINE1                            1
PINE0                            0
MPCM0                            0
U2X0                             1
UPE0                             2
DOR0                             3
FE0                              4
UDRE0                            5
TXC0                             6
RXC0                             7
RXC                              7
TXC                              6
UDRE                             5
FE                               4
DOR                              3
PE                               2
U2X                              1
MPCM                             0
SPIE                             7
SPE                              6
DORD                             5
MSTR                             4
CPOL                             3
CPHA                             2
SPR1                             1
SPR0                             0
SPIF                             7
WCOL                             6
SPI2X                            0
TXB80                            0
TXB8                             0
RXB80                            1
RXB8                             1
UCSZ02                           2
UCSZ2                            2
TXEN0                            3
TXEN                             3
RXEN0                            4
RXEN                             4
UDRIE0                           5
UDRIE                            5
TXCIE0                           6
TXCIE                            6
RXCIE0                           7
RXCIE                            7
TXB81                            0
RXB81                            1
UCSZ12                           2
CHR91                            UCSZ12
TXEN1                            3
RXEN1                            4
UDRIE1                           5
TXCIE1                           6
RXCIE1                           7
MPCM1                            0
U2X1                             1
UPE1                             2
DOR1                             3
FE1                              4
UDREX1                           5
TXC1                             6
RXC1                             7
URSEL                            7
UMSEL                            6
UPM1                             5
UPM0                             4
USBS0                            3
UCSZ1                            2
UCSZ0                            1
UCPOL                            0
ACD                              7
AINBG                            6
ACBG                             6
ACO                              5
ACI                              4
ACIE                             3
ACIC                             2
ACIS1                            1
ACIS0                            0
_DATE_FORMAT                     0
_DATE_SEPARATOR                  92
_GSTRBUF                         1192
_DECIMALPOINT                    46
_RTSCTS                          0
_RTSCTS1                         0
_RTSCTS3                         0
_RTSCTS4                         0
_CHIP                            28
_RAMSIZE                         1024
_ERAMSIZE                        512
_SIM                             0
_BASE                            1
_XTAL                            4000000
_BUILD                           20500
_COMPILER                        90
_HWMUL                           1
_ROMSIZE                         16384
_DOSFILEWRITE                    0
_DOSDIRWRITE                     0
_1WEXT                           0
_ADC_REFMODEL                    0
_UARTS                           2
_HWSTACKSTART                    1279
_TIMEOUT                         0
_PRDWORD                         0
_HWSTACK_LOW                      1239
_SWSTACK_LOW                      1224
_FRAME_HIGH                       1224
_XMEGA                           0


--------------------------------------------------------------------------------
Warnings:
--------------------------------------------------------------------------------
TCNT3                            not used
OCR3A                            not used
OCR3B                            not used
ICR3                             not used
SP                               not used
TCNT1                            not used
OCR1A                            not used
OCR1B                            not used
ICR1                             not used
EEAR                             not used
TIMER3                           not used
COMPARE3A                        not used
COMPARE3B                        not used
CAPTURE3                         not used
CAPTURE3                         not used
COMPARE1                         not used
PWM1B                            not used
COUNTER3                         not used
TIMER3                           not used
COMPARE3A                        not used
PWM3A                            not used
COMPARE3                         not used
PWM3B                            not used
COMPARE3B                        not used
PWM0                             not used

